<?xml version="1.0" encoding="UTF-8"?>
<testsuite name="com.example.backend.BackendApplicationTests" tests="1" skipped="0" failures="0" errors="0" timestamp="2026-09-21T09:35:01.312Z" hostname="LAPTOP-NM9SOGRJ" time="7.539">
  <properties/>
  <testcase name="contextLoads()" classname="com.example.backend.BackendApplicationTests" time="0.616"/>
  <system-out><![CDATA[15:05:01.627 [Test worker] INFO org.springframework.test.context.support.AnnotationConfigContextLoaderUtils -- Could not detect default configuration classes for test class [com.example.backend.BackendApplicationTests]: BackendApplicationTests does not declare any static, non-private, non-final, nested classes annotated with @Configuration.
15:05:01.838 [Test worker] INFO org.springframework.boot.test.context.SpringBootTestContextBootstrapper -- Found @SpringBootConfiguration com.example.backend.BackendApplication for test class com.example.backend.BackendApplicationTests
15:05:02.036 [Test worker] INFO org.springframework.test.context.support.AnnotationConfigContextLoaderUtils -- Could not detect default configuration classes for test class [com.example.backend.BackendApplicationTests]: BackendApplicationTests does not declare any static, non-private, non-final, nested classes annotated with @Configuration.
15:05:02.036 [Test worker] INFO org.springframework.boot.test.context.SpringBootTestContextBootstrapper -- Found @SpringBootConfiguration com.example.backend.BackendApplication for test class com.example.backend.BackendApplicationTests

  .   ____          _            __ _ _
 /\\ / ___'_ __ _ _(_)_ __  __ _ \ \ \ \
( ( )\___ | '_ | '_| | '_ \/ _` | \ \ \ \
 \\/  ___)| |_)| | | | | || (_| |  ) ) ) )
  '  |____| .__|_| |_|_| |_\__, | / / / /
 =========|_|==============|___/=/_/_/_/

 :: Spring Boot ::                (v4.1.1)

2026-09-21T15:05:02.610+05:30  INFO 26848 --- [backend] [    Test worker] c.e.backend.BackendApplicationTests      : Starting BackendApplicationTests using Java 17.0.20.1 with PID 26848 (started by dayus in C:\Users\dayus\Downloads\React-Experiments\exp 5\exp_5_code\backend)
2026-09-21T15:05:02.610+05:30  INFO 26848 --- [backend] [    Test worker] c.e.backend.BackendApplicationTests      : No active profile set, falling back to 1 default profile: "default"
2026-09-21T15:05:03.558+05:30  INFO 26848 --- [backend] [    Test worker] .s.d.r.c.RepositoryConfigurationDelegate : Bootstrapping Spring Data JPA repositories in DEFAULT mode.
2026-09-21T15:05:03.643+05:30  INFO 26848 --- [backend] [    Test worker] .s.d.r.c.RepositoryConfigurationDelegate : Finished Spring Data repository scanning in 76 ms. Found 1 JPA repository interface.
2026-09-21T15:05:04.289+05:30  INFO 26848 --- [backend] [    Test worker] org.hibernate.orm.jpa                    : HHH008540: Processing PersistenceUnitInfo [name: default]
2026-09-21T15:05:04.398+05:30  INFO 26848 --- [backend] [    Test worker] org.hibernate.orm.core                   : HHH000001: Hibernate ORM core version 7.4.5.Final
2026-09-21T15:05:05.178+05:30  INFO 26848 --- [backend] [    Test worker] o.s.o.j.p.SpringPersistenceUnitInfo      : No LoadTimeWeaver setup: ignoring JPA class transformer
2026-09-21T15:05:05.239+05:30  INFO 26848 --- [backend] [    Test worker] com.zaxxer.hikari.HikariDataSource       : HikariPool-1 - Starting...
2026-09-21T15:05:05.540+05:30  INFO 26848 --- [backend] [    Test worker] com.zaxxer.hikari.pool.HikariPool        : HikariPool-1 - Added connection conn0: url=jdbc:h2:mem:testdb user=SA
2026-09-21T15:05:05.545+05:30  INFO 26848 --- [backend] [    Test worker] com.zaxxer.hikari.HikariDataSource       : HikariPool-1 - Start completed.
2026-09-21T15:05:05.575+05:30  WARN 26848 --- [backend] [    Test worker] org.hibernate.orm.deprecation            : HHH90000025: H2Dialect does not need to be specified explicitly using 'hibernate.dialect' (remove the property setting and it will be selected by default)
2026-09-21T15:05:05.603+05:30  INFO 26848 --- [backend] [    Test worker] org.hibernate.orm.connections.pooling    : HHH10001005: Database info:
	Database JDBC URL [jdbc:h2:mem:testdb]
	Database driver: H2 JDBC Driver
	Database dialect: H2Dialect
	Database version: 2.4.240
	Default catalog/schema: TESTDB/PUBLIC
	Autocommit mode: undefined/unknown
	Isolation level: READ_COMMITTED [default READ_COMMITTED]
	JDBC fetch size: 100
	Pool: DataSourceConnectionProvider
	Minimum pool size: undefined/unknown
	Maximum pool size: undefined/unknown
2026-09-21T15:05:06.972+05:30  INFO 26848 --- [backend] [    Test worker] org.hibernate.orm.core                   : HHH000489: No JTA platform available (set 'hibernate.transaction.jta.platform' to enable JTA platform integration)
2026-09-21T15:05:07.080+05:30  INFO 26848 --- [backend] [    Test worker] j.LocalContainerEntityManagerFactoryBean : Initialized JPA EntityManagerFactory for persistence unit 'default'
2026-09-21T15:05:07.210+05:30  INFO 26848 --- [backend] [    Test worker] o.s.d.j.r.query.QueryEnhancerFactories   : Hibernate is in classpath; If applicable, HQL parser will be used.
2026-09-21T15:05:07.440+05:30  WARN 26848 --- [backend] [    Test worker] JpaBaseConfiguration$JpaWebConfiguration : spring.jpa.open-in-view is enabled by default. Therefore, database queries may be performed during view rendering. Explicitly configure spring.jpa.open-in-view to disable this warning
2026-09-21T15:05:08.043+05:30  INFO 26848 --- [backend] [    Test worker] o.s.b.h.a.H2ConsoleAutoConfiguration     : H2 console available at '/h2-console'. Database available at 'jdbc:h2:mem:testdb'
2026-09-21T15:05:08.206+05:30  INFO 26848 --- [backend] [    Test worker] c.e.backend.BackendApplicationTests      : Started BackendApplicationTests in 6.03 seconds (process running for 8.518)
]]></system-out>
  <system-err><![CDATA[]]></system-err>
</testsuite>
